Added Component: Designator=C31(R0805)
Added Component: Designator=C32(R0805)
Added Component: Designator=C34(R0805)
Added Component: Designator=C35(R0805)
Added Component: Designator=C36(R0805)
Added Pin To Net: NetName=GND Pin=C31-1
Added Pin To Net: NetName=3_3V Pin=C31-2
Added Pin To Net: NetName=GND Pin=C32-1
Added Pin To Net: NetName=3_3V Pin=C32-2
Added Pin To Net: NetName=GND Pin=C34-1
Added Pin To Net: NetName=3_3V Pin=C34-2
Added Pin To Net: NetName=GND Pin=C35-1
Added Pin To Net: NetName=3_3V Pin=C35-2
Added Pin To Net: NetName=GND Pin=C36-1
Added Pin To Net: NetName=3_3V Pin=C36-2
Added Member To Class: ClassName=StrainGuageNode Member=Component C31 Cap
Added Member To Class: ClassName=StrainGuageNode Member=Component C32 Cap
Added Member To Class: ClassName=StrainGuageNode Member=Component C34 Cap
Added Member To Class: ClassName=StrainGuageNode Member=Component C35 Cap
Added Member To Class: ClassName=StrainGuageNode Member=Component C36 Cap
Added Room: Name=StrainGuageNode
